

Version:	3.50
CmdLine:	C:\Users\dorny\IdeaProjects\dental_polyclinic\out\artifacts\dental_polyclinic_jar\dental_polyclinic.exe --l4j-debug
JNI:		No
WOW64:		Yes
Working dir:	C:\Users\dorny\IdeaProjects\dental_polyclinic\out\artifacts\dental_polyclinic_jar\.
Requires JDK:	No
Requires 64-Bit: Yes
Java min ver:	
Java max ver:	
Substitute:	JAVA_HOME = 
Substitute:	PATH = C:\PROGRA~2\Borland\CBUILD~1\Bin;C:\PROGRA~2\Borland\CBUILD~1\Projects\Bpl;C:\Program Files (x86)\Embarcadero\Studio\22.0\bin;C:\Users\Public\Documents\Embarcadero\Studio\22.0\Bpl;C:\Program Files (x86)\Embarcadero\Studio\22.0\bin64;C:\Users\Public\Documents\Embarcadero\Studio\22.0\Bpl\Win64;C:\ProgramData\Oracle\Java\javapath;C:\Scripts\;C:\;C:\Program Files (x86)\Common Files\Oracle\Java\javapath;C:\Windows\system32;C:\Windows;C:\Windows\System32\Wbem;C:\Windows\System32\WindowsPowerShell\v1.0\;C:\Windows\System32\OpenSSH\;C:\Program Files\NVIDIA Corporation\NVIDIA NvDLISR;C:\Program Files (x86)\NVIDIA Corporation\PhysX\Common;C:\WINDOWS\system32;C:\WINDOWS;C:\WINDOWS\System32\Wbem;C:\WINDOWS\System32\WindowsPowerShell\v1.0\;C:\WINDOWS\System32\OpenSSH\;C:\Program Files\Git\cmd;C:\Users\dorny\AppData\Local\Microsoft\WindowsApps;C:\Users\dorny\AppData\Local\Programs\Microsoft VS Code\bin;C:\ProgramData\dorny\GitHubDesktop\bin;C:\Users\dorny\AppData\Local\GitHubDesktop\bin;C:\Program Files\Java\jre1.8.0_321\bin
JRE paths:	;C:\PROGRA~2\Borland\CBUILD~1\Bin;C:\PROGRA~2\Borland\CBUILD~1\Projects\Bpl;C:\Program Files (x86)\Embarcadero\Studio\22.0\bin;C:\Users\Public\Documents\Embarcadero\Studio\22.0\Bpl;C:\Program Files (x86)\Embarcadero\Studio\22.0\bin64;C:\Users\Public\Documents\Embarcadero\Studio\22.0\Bpl\Win64;C:\ProgramData\Oracle\Java\javapath;C:\Scripts\;C:\;C:\Program Files (x86)\Common Files\Oracle\Java\javapath;C:\Windows\system32;C:\Windows;C:\Windows\System32\Wbem;C:\Windows\System32\WindowsPowerShell\v1.0\;C:\Windows\System32\OpenSSH\;C:\Program Files\NVIDIA Corporation\NVIDIA NvDLISR;C:\Program Files (x86)\NVIDIA Corporation\PhysX\Common;C:\WINDOWS\system32;C:\WINDOWS;C:\WINDOWS\System32\Wbem;C:\WINDOWS\System32\WindowsPowerShell\v1.0\;C:\WINDOWS\System32\OpenSSH\;C:\Program Files\Git\cmd;C:\Users\dorny\AppData\Local\Microsoft\WindowsApps;C:\Users\dorny\AppData\Local\Programs\Microsoft VS Code\bin;C:\ProgramData\dorny\GitHubDesktop\bin;C:\Users\dorny\AppData\Local\GitHubDesktop\bin;C:\Program Files\Java\jre1.8.0_321\bin
Check launcher:	C:\PROGRA~2\Borland\CBUILD~1\bin\javaw.exe (not found)
Check launcher:	C:\PROGRA~2\Borland\CBUILD~1\Projects\Bpl\bin\javaw.exe (not found)
Check launcher:	C:\Program Files (x86)\Embarcadero\Studio\22.0\bin\javaw.exe (not found)
Check launcher:	C:\Users\Public\Documents\Embarcadero\Studio\22.0\Bpl\bin\javaw.exe (not found)
Check launcher:	C:\Program Files (x86)\Embarcadero\Studio\22.0\bin64\bin\javaw.exe (not found)
Check launcher:	C:\Users\Public\Documents\Embarcadero\Studio\22.0\Bpl\Win64\bin\javaw.exe (not found)
Check launcher:	C:\ProgramData\Oracle\Java\javapath\bin\javaw.exe (not found)
Check launcher:	C:\Scripts\bin\javaw.exe (not found)
Check launcher:	C:\bin\javaw.exe (not found)
Check launcher:	C:\Program Files (x86)\Common Files\Oracle\Java\javapath\bin\javaw.exe (not found)
Check launcher:	C:\Windows\system32\bin\javaw.exe (not found)
Check launcher:	C:\Windows\bin\javaw.exe (not found)
Check launcher:	C:\Windows\System32\Wbem\bin\javaw.exe (not found)
Check launcher:	C:\Windows\System32\WindowsPowerShell\v1.0\bin\javaw.exe (not found)
Check launcher:	C:\Windows\System32\OpenSSH\bin\javaw.exe (not found)
Check launcher:	C:\Program Files\NVIDIA Corporation\NVIDIA NvDLISR\bin\javaw.exe (not found)
Check launcher:	C:\Program Files (x86)\NVIDIA Corporation\PhysX\Common\bin\javaw.exe (not found)
Check launcher:	C:\WINDOWS\system32\bin\javaw.exe (not found)
Check launcher:	C:\WINDOWS\bin\javaw.exe (not found)
Check launcher:	C:\WINDOWS\System32\Wbem\bin\javaw.exe (not found)
Check launcher:	C:\WINDOWS\System32\WindowsPowerShell\v1.0\bin\javaw.exe (not found)
Check launcher:	C:\WINDOWS\System32\OpenSSH\bin\javaw.exe (not found)
Check launcher:	C:\Program Files\Git\cmd\bin\javaw.exe (not found)
Check launcher:	C:\Users\dorny\AppData\Local\Microsoft\WindowsApps\bin\javaw.exe (not found)
Check launcher:	C:\Users\dorny\AppData\Local\Programs\Microsoft VS Code\bin\javaw.exe (not found)
Check launcher:	C:\ProgramData\dorny\GitHubDesktop\bin\javaw.exe (not found)
Check launcher:	C:\Users\dorny\AppData\Local\GitHubDesktop\bin\javaw.exe (not found)
Check launcher:	C:\Program Files\Java\jre1.8.0_321\bin\javaw.exe (OK)
Version string: 1.008.000_321 / 64-Bit (OK)
Launcher:	C:\Program Files\Java\jre1.8.0_321\bin\javaw.exe
Launcher args:	-jar "C:\Users\dorny\IdeaProjects\dental_polyclinic\out\artifacts\dental_polyclinic_jar\dental_polyclinic.exe"
Args length:	110/32768 chars
Exit code:	0


Version:	3.50
CmdLine:	C:\Users\dorny\IdeaProjects\dental_polyclinic\out\artifacts\dental_polyclinic_jar\dental_polyclinic.exe --l4j-debug
JNI:		No
WOW64:		Yes
Working dir:	C:\Users\dorny\IdeaProjects\dental_polyclinic\out\artifacts\dental_polyclinic_jar\.
Requires JDK:	No
Requires 64-Bit: Yes
Java min ver:	
Java max ver:	
Substitute:	JAVA_HOME = 
Substitute:	PATH = C:\PROGRA~2\Borland\CBUILD~1\Bin;C:\PROGRA~2\Borland\CBUILD~1\Projects\Bpl;C:\Program Files (x86)\Embarcadero\Studio\22.0\bin;C:\Users\Public\Documents\Embarcadero\Studio\22.0\Bpl;C:\Program Files (x86)\Embarcadero\Studio\22.0\bin64;C:\Users\Public\Documents\Embarcadero\Studio\22.0\Bpl\Win64;C:\ProgramData\Oracle\Java\javapath;C:\Scripts\;C:\;C:\Program Files (x86)\Common Files\Oracle\Java\javapath;C:\Windows\system32;C:\Windows;C:\Windows\System32\Wbem;C:\Windows\System32\WindowsPowerShell\v1.0\;C:\Windows\System32\OpenSSH\;C:\Program Files\NVIDIA Corporation\NVIDIA NvDLISR;C:\Program Files (x86)\NVIDIA Corporation\PhysX\Common;C:\WINDOWS\system32;C:\WINDOWS;C:\WINDOWS\System32\Wbem;C:\WINDOWS\System32\WindowsPowerShell\v1.0\;C:\WINDOWS\System32\OpenSSH\;C:\Program Files\Git\cmd;C:\Users\dorny\AppData\Local\Microsoft\WindowsApps;C:\Users\dorny\AppData\Local\Programs\Microsoft VS Code\bin;C:\ProgramData\dorny\GitHubDesktop\bin;C:\Users\dorny\AppData\Local\GitHubDesktop\bin;C:\Program Files\Java\jre1.8.0_321\bin
JRE paths:	;C:\PROGRA~2\Borland\CBUILD~1\Bin;C:\PROGRA~2\Borland\CBUILD~1\Projects\Bpl;C:\Program Files (x86)\Embarcadero\Studio\22.0\bin;C:\Users\Public\Documents\Embarcadero\Studio\22.0\Bpl;C:\Program Files (x86)\Embarcadero\Studio\22.0\bin64;C:\Users\Public\Documents\Embarcadero\Studio\22.0\Bpl\Win64;C:\ProgramData\Oracle\Java\javapath;C:\Scripts\;C:\;C:\Program Files (x86)\Common Files\Oracle\Java\javapath;C:\Windows\system32;C:\Windows;C:\Windows\System32\Wbem;C:\Windows\System32\WindowsPowerShell\v1.0\;C:\Windows\System32\OpenSSH\;C:\Program Files\NVIDIA Corporation\NVIDIA NvDLISR;C:\Program Files (x86)\NVIDIA Corporation\PhysX\Common;C:\WINDOWS\system32;C:\WINDOWS;C:\WINDOWS\System32\Wbem;C:\WINDOWS\System32\WindowsPowerShell\v1.0\;C:\WINDOWS\System32\OpenSSH\;C:\Program Files\Git\cmd;C:\Users\dorny\AppData\Local\Microsoft\WindowsApps;C:\Users\dorny\AppData\Local\Programs\Microsoft VS Code\bin;C:\ProgramData\dorny\GitHubDesktop\bin;C:\Users\dorny\AppData\Local\GitHubDesktop\bin;C:\Program Files\Java\jre1.8.0_321\bin
Check launcher:	C:\PROGRA~2\Borland\CBUILD~1\bin\javaw.exe (not found)
Check launcher:	C:\PROGRA~2\Borland\CBUILD~1\Projects\Bpl\bin\javaw.exe (not found)
Check launcher:	C:\Program Files (x86)\Embarcadero\Studio\22.0\bin\javaw.exe (not found)
Check launcher:	C:\Users\Public\Documents\Embarcadero\Studio\22.0\Bpl\bin\javaw.exe (not found)
Check launcher:	C:\Program Files (x86)\Embarcadero\Studio\22.0\bin64\bin\javaw.exe (not found)
Check launcher:	C:\Users\Public\Documents\Embarcadero\Studio\22.0\Bpl\Win64\bin\javaw.exe (not found)
Check launcher:	C:\ProgramData\Oracle\Java\javapath\bin\javaw.exe (not found)
Check launcher:	C:\Scripts\bin\javaw.exe (not found)
Check launcher:	C:\bin\javaw.exe (not found)
Check launcher:	C:\Program Files (x86)\Common Files\Oracle\Java\javapath\bin\javaw.exe (not found)
Check launcher:	C:\Windows\system32\bin\javaw.exe (not found)
Check launcher:	C:\Windows\bin\javaw.exe (not found)
Check launcher:	C:\Windows\System32\Wbem\bin\javaw.exe (not found)
Check launcher:	C:\Windows\System32\WindowsPowerShell\v1.0\bin\javaw.exe (not found)
Check launcher:	C:\Windows\System32\OpenSSH\bin\javaw.exe (not found)
Check launcher:	C:\Program Files\NVIDIA Corporation\NVIDIA NvDLISR\bin\javaw.exe (not found)
Check launcher:	C:\Program Files (x86)\NVIDIA Corporation\PhysX\Common\bin\javaw.exe (not found)
Check launcher:	C:\WINDOWS\system32\bin\javaw.exe (not found)
Check launcher:	C:\WINDOWS\bin\javaw.exe (not found)
Check launcher:	C:\WINDOWS\System32\Wbem\bin\javaw.exe (not found)
Check launcher:	C:\WINDOWS\System32\WindowsPowerShell\v1.0\bin\javaw.exe (not found)
Check launcher:	C:\WINDOWS\System32\OpenSSH\bin\javaw.exe (not found)
Check launcher:	C:\Program Files\Git\cmd\bin\javaw.exe (not found)
Check launcher:	C:\Users\dorny\AppData\Local\Microsoft\WindowsApps\bin\javaw.exe (not found)
Check launcher:	C:\Users\dorny\AppData\Local\Programs\Microsoft VS Code\bin\javaw.exe (not found)
Check launcher:	C:\ProgramData\dorny\GitHubDesktop\bin\javaw.exe (not found)
Check launcher:	C:\Users\dorny\AppData\Local\GitHubDesktop\bin\javaw.exe (not found)
Check launcher:	C:\Program Files\Java\jre1.8.0_321\bin\javaw.exe (OK)
Version string: 1.008.000_321 / 64-Bit (OK)
Launcher:	C:\Program Files\Java\jre1.8.0_321\bin\javaw.exe
Launcher args:	-jar "C:\Users\dorny\IdeaProjects\dental_polyclinic\out\artifacts\dental_polyclinic_jar\dental_polyclinic.exe"
Args length:	110/32768 chars
Exit code:	0


Version:	3.50
CmdLine:	C:\Users\dorny\IdeaProjects\dental_polyclinic\out\artifacts\dental_polyclinic_jar\dental_polyclinic.exe --l4j-debug
JNI:		No
WOW64:		Yes
Working dir:	C:\Users\dorny\IdeaProjects\dental_polyclinic\out\artifacts\dental_polyclinic_jar\.
Requires JDK:	No
Requires 64-Bit: Yes
Java min ver:	
Java max ver:	
Substitute:	JAVA_HOME = 
Substitute:	PATH = C:\PROGRA~2\Borland\CBUILD~1\Bin;C:\PROGRA~2\Borland\CBUILD~1\Projects\Bpl;C:\Program Files (x86)\Embarcadero\Studio\22.0\bin;C:\Users\Public\Documents\Embarcadero\Studio\22.0\Bpl;C:\Program Files (x86)\Embarcadero\Studio\22.0\bin64;C:\Users\Public\Documents\Embarcadero\Studio\22.0\Bpl\Win64;C:\ProgramData\Oracle\Java\javapath;C:\Scripts\;C:\;C:\Program Files (x86)\Common Files\Oracle\Java\javapath;C:\Windows\system32;C:\Windows;C:\Windows\System32\Wbem;C:\Windows\System32\WindowsPowerShell\v1.0\;C:\Windows\System32\OpenSSH\;C:\Program Files\NVIDIA Corporation\NVIDIA NvDLISR;C:\Program Files (x86)\NVIDIA Corporation\PhysX\Common;C:\WINDOWS\system32;C:\WINDOWS;C:\WINDOWS\System32\Wbem;C:\WINDOWS\System32\WindowsPowerShell\v1.0\;C:\WINDOWS\System32\OpenSSH\;C:\Program Files\Git\cmd;C:\Users\dorny\AppData\Local\Microsoft\WindowsApps;C:\Users\dorny\AppData\Local\Programs\Microsoft VS Code\bin;C:\ProgramData\dorny\GitHubDesktop\bin;C:\Users\dorny\AppData\Local\GitHubDesktop\bin;C:\Program Files\Java\jre1.8.0_321\bin
JRE paths:	;C:\PROGRA~2\Borland\CBUILD~1\Bin;C:\PROGRA~2\Borland\CBUILD~1\Projects\Bpl;C:\Program Files (x86)\Embarcadero\Studio\22.0\bin;C:\Users\Public\Documents\Embarcadero\Studio\22.0\Bpl;C:\Program Files (x86)\Embarcadero\Studio\22.0\bin64;C:\Users\Public\Documents\Embarcadero\Studio\22.0\Bpl\Win64;C:\ProgramData\Oracle\Java\javapath;C:\Scripts\;C:\;C:\Program Files (x86)\Common Files\Oracle\Java\javapath;C:\Windows\system32;C:\Windows;C:\Windows\System32\Wbem;C:\Windows\System32\WindowsPowerShell\v1.0\;C:\Windows\System32\OpenSSH\;C:\Program Files\NVIDIA Corporation\NVIDIA NvDLISR;C:\Program Files (x86)\NVIDIA Corporation\PhysX\Common;C:\WINDOWS\system32;C:\WINDOWS;C:\WINDOWS\System32\Wbem;C:\WINDOWS\System32\WindowsPowerShell\v1.0\;C:\WINDOWS\System32\OpenSSH\;C:\Program Files\Git\cmd;C:\Users\dorny\AppData\Local\Microsoft\WindowsApps;C:\Users\dorny\AppData\Local\Programs\Microsoft VS Code\bin;C:\ProgramData\dorny\GitHubDesktop\bin;C:\Users\dorny\AppData\Local\GitHubDesktop\bin;C:\Program Files\Java\jre1.8.0_321\bin
Check launcher:	C:\PROGRA~2\Borland\CBUILD~1\bin\javaw.exe (not found)
Check launcher:	C:\PROGRA~2\Borland\CBUILD~1\Projects\Bpl\bin\javaw.exe (not found)
Check launcher:	C:\Program Files (x86)\Embarcadero\Studio\22.0\bin\javaw.exe (not found)
Check launcher:	C:\Users\Public\Documents\Embarcadero\Studio\22.0\Bpl\bin\javaw.exe (not found)
Check launcher:	C:\Program Files (x86)\Embarcadero\Studio\22.0\bin64\bin\javaw.exe (not found)
Check launcher:	C:\Users\Public\Documents\Embarcadero\Studio\22.0\Bpl\Win64\bin\javaw.exe (not found)
Check launcher:	C:\ProgramData\Oracle\Java\javapath\bin\javaw.exe (not found)
Check launcher:	C:\Scripts\bin\javaw.exe (not found)
Check launcher:	C:\bin\javaw.exe (not found)
Check launcher:	C:\Program Files (x86)\Common Files\Oracle\Java\javapath\bin\javaw.exe (not found)
Check launcher:	C:\Windows\system32\bin\javaw.exe (not found)
Check launcher:	C:\Windows\bin\javaw.exe (not found)
Check launcher:	C:\Windows\System32\Wbem\bin\javaw.exe (not found)
Check launcher:	C:\Windows\System32\WindowsPowerShell\v1.0\bin\javaw.exe (not found)
Check launcher:	C:\Windows\System32\OpenSSH\bin\javaw.exe (not found)
Check launcher:	C:\Program Files\NVIDIA Corporation\NVIDIA NvDLISR\bin\javaw.exe (not found)
Check launcher:	C:\Program Files (x86)\NVIDIA Corporation\PhysX\Common\bin\javaw.exe (not found)
Check launcher:	C:\WINDOWS\system32\bin\javaw.exe (not found)
Check launcher:	C:\WINDOWS\bin\javaw.exe (not found)
Check launcher:	C:\WINDOWS\System32\Wbem\bin\javaw.exe (not found)
Check launcher:	C:\WINDOWS\System32\WindowsPowerShell\v1.0\bin\javaw.exe (not found)
Check launcher:	C:\WINDOWS\System32\OpenSSH\bin\javaw.exe (not found)
Check launcher:	C:\Program Files\Git\cmd\bin\javaw.exe (not found)
Check launcher:	C:\Users\dorny\AppData\Local\Microsoft\WindowsApps\bin\javaw.exe (not found)
Check launcher:	C:\Users\dorny\AppData\Local\Programs\Microsoft VS Code\bin\javaw.exe (not found)
Check launcher:	C:\ProgramData\dorny\GitHubDesktop\bin\javaw.exe (not found)
Check launcher:	C:\Users\dorny\AppData\Local\GitHubDesktop\bin\javaw.exe (not found)
Check launcher:	C:\Program Files\Java\jre1.8.0_321\bin\javaw.exe (OK)
Version string: 1.008.000_321 / 64-Bit (OK)
Launcher:	C:\Program Files\Java\jre1.8.0_321\bin\javaw.exe
Launcher args:	-jar "C:\Users\dorny\IdeaProjects\dental_polyclinic\out\artifacts\dental_polyclinic_jar\dental_polyclinic.exe"
Args length:	110/32768 chars
Exit code:	0


Version:	3.50
CmdLine:	C:\Users\dorny\IdeaProjects\dental_polyclinic\out\artifacts\dental_polyclinic_jar\dental_polyclinic.exe --l4j-debug
JNI:		No
WOW64:		Yes
Working dir:	C:\Users\dorny\IdeaProjects\dental_polyclinic\out\artifacts\dental_polyclinic_jar\.
Requires JDK:	No
Requires 64-Bit: Yes
Java min ver:	
Java max ver:	
Substitute:	JAVA_HOME = 
Substitute:	PATH = C:\PROGRA~2\Borland\CBUILD~1\Bin;C:\PROGRA~2\Borland\CBUILD~1\Projects\Bpl;C:\Program Files (x86)\Embarcadero\Studio\22.0\bin;C:\Users\Public\Documents\Embarcadero\Studio\22.0\Bpl;C:\Program Files (x86)\Embarcadero\Studio\22.0\bin64;C:\Users\Public\Documents\Embarcadero\Studio\22.0\Bpl\Win64;C:\ProgramData\Oracle\Java\javapath;C:\Scripts\;C:\;C:\Program Files (x86)\Common Files\Oracle\Java\javapath;C:\Windows\system32;C:\Windows;C:\Windows\System32\Wbem;C:\Windows\System32\WindowsPowerShell\v1.0\;C:\Windows\System32\OpenSSH\;C:\Program Files\NVIDIA Corporation\NVIDIA NvDLISR;C:\Program Files (x86)\NVIDIA Corporation\PhysX\Common;C:\WINDOWS\system32;C:\WINDOWS;C:\WINDOWS\System32\Wbem;C:\WINDOWS\System32\WindowsPowerShell\v1.0\;C:\WINDOWS\System32\OpenSSH\;C:\Program Files\Git\cmd;C:\Users\dorny\AppData\Local\Microsoft\WindowsApps;C:\Users\dorny\AppData\Local\Programs\Microsoft VS Code\bin;C:\ProgramData\dorny\GitHubDesktop\bin;C:\Users\dorny\AppData\Local\GitHubDesktop\bin;C:\Program Files\Java\jre1.8.0_321\bin
JRE paths:	;C:\PROGRA~2\Borland\CBUILD~1\Bin;C:\PROGRA~2\Borland\CBUILD~1\Projects\Bpl;C:\Program Files (x86)\Embarcadero\Studio\22.0\bin;C:\Users\Public\Documents\Embarcadero\Studio\22.0\Bpl;C:\Program Files (x86)\Embarcadero\Studio\22.0\bin64;C:\Users\Public\Documents\Embarcadero\Studio\22.0\Bpl\Win64;C:\ProgramData\Oracle\Java\javapath;C:\Scripts\;C:\;C:\Program Files (x86)\Common Files\Oracle\Java\javapath;C:\Windows\system32;C:\Windows;C:\Windows\System32\Wbem;C:\Windows\System32\WindowsPowerShell\v1.0\;C:\Windows\System32\OpenSSH\;C:\Program Files\NVIDIA Corporation\NVIDIA NvDLISR;C:\Program Files (x86)\NVIDIA Corporation\PhysX\Common;C:\WINDOWS\system32;C:\WINDOWS;C:\WINDOWS\System32\Wbem;C:\WINDOWS\System32\WindowsPowerShell\v1.0\;C:\WINDOWS\System32\OpenSSH\;C:\Program Files\Git\cmd;C:\Users\dorny\AppData\Local\Microsoft\WindowsApps;C:\Users\dorny\AppData\Local\Programs\Microsoft VS Code\bin;C:\ProgramData\dorny\GitHubDesktop\bin;C:\Users\dorny\AppData\Local\GitHubDesktop\bin;C:\Program Files\Java\jre1.8.0_321\bin
Check launcher:	C:\PROGRA~2\Borland\CBUILD~1\bin\javaw.exe (not found)
Check launcher:	C:\PROGRA~2\Borland\CBUILD~1\Projects\Bpl\bin\javaw.exe (not found)
Check launcher:	C:\Program Files (x86)\Embarcadero\Studio\22.0\bin\javaw.exe (not found)
Check launcher:	C:\Users\Public\Documents\Embarcadero\Studio\22.0\Bpl\bin\javaw.exe (not found)
Check launcher:	C:\Program Files (x86)\Embarcadero\Studio\22.0\bin64\bin\javaw.exe (not found)
Check launcher:	C:\Users\Public\Documents\Embarcadero\Studio\22.0\Bpl\Win64\bin\javaw.exe (not found)
Check launcher:	C:\ProgramData\Oracle\Java\javapath\bin\javaw.exe (not found)
Check launcher:	C:\Scripts\bin\javaw.exe (not found)
Check launcher:	C:\bin\javaw.exe (not found)
Check launcher:	C:\Program Files (x86)\Common Files\Oracle\Java\javapath\bin\javaw.exe (not found)
Check launcher:	C:\Windows\system32\bin\javaw.exe (not found)
Check launcher:	C:\Windows\bin\javaw.exe (not found)
Check launcher:	C:\Windows\System32\Wbem\bin\javaw.exe (not found)
Check launcher:	C:\Windows\System32\WindowsPowerShell\v1.0\bin\javaw.exe (not found)
Check launcher:	C:\Windows\System32\OpenSSH\bin\javaw.exe (not found)
Check launcher:	C:\Program Files\NVIDIA Corporation\NVIDIA NvDLISR\bin\javaw.exe (not found)
Check launcher:	C:\Program Files (x86)\NVIDIA Corporation\PhysX\Common\bin\javaw.exe (not found)
Check launcher:	C:\WINDOWS\system32\bin\javaw.exe (not found)
Check launcher:	C:\WINDOWS\bin\javaw.exe (not found)
Check launcher:	C:\WINDOWS\System32\Wbem\bin\javaw.exe (not found)
Check launcher:	C:\WINDOWS\System32\WindowsPowerShell\v1.0\bin\javaw.exe (not found)
Check launcher:	C:\WINDOWS\System32\OpenSSH\bin\javaw.exe (not found)
Check launcher:	C:\Program Files\Git\cmd\bin\javaw.exe (not found)
Check launcher:	C:\Users\dorny\AppData\Local\Microsoft\WindowsApps\bin\javaw.exe (not found)
Check launcher:	C:\Users\dorny\AppData\Local\Programs\Microsoft VS Code\bin\javaw.exe (not found)
Check launcher:	C:\ProgramData\dorny\GitHubDesktop\bin\javaw.exe (not found)
Check launcher:	C:\Users\dorny\AppData\Local\GitHubDesktop\bin\javaw.exe (not found)
Check launcher:	C:\Program Files\Java\jre1.8.0_321\bin\javaw.exe (OK)
Version string: 1.008.000_321 / 64-Bit (OK)
Launcher:	C:\Program Files\Java\jre1.8.0_321\bin\javaw.exe
Launcher args:	-jar "C:\Users\dorny\IdeaProjects\dental_polyclinic\out\artifacts\dental_polyclinic_jar\dental_polyclinic.exe"
Args length:	110/32768 chars
Exit code:	0


Version:	3.50
CmdLine:	C:\Users\dorny\IdeaProjects\dental_polyclinic\out\artifacts\dental_polyclinic_jar\dental_polyclinic.exe --l4j-debug
JNI:		No
WOW64:		Yes
Working dir:	C:\Users\dorny\IdeaProjects\dental_polyclinic\out\artifacts\dental_polyclinic_jar\.
Requires JDK:	No
Requires 64-Bit: Yes
Java min ver:	
Java max ver:	
Substitute:	JAVA_HOME = 
Substitute:	PATH = C:\PROGRA~2\Borland\CBUILD~1\Bin;C:\PROGRA~2\Borland\CBUILD~1\Projects\Bpl;C:\Program Files (x86)\Embarcadero\Studio\22.0\bin;C:\Users\Public\Documents\Embarcadero\Studio\22.0\Bpl;C:\Program Files (x86)\Embarcadero\Studio\22.0\bin64;C:\Users\Public\Documents\Embarcadero\Studio\22.0\Bpl\Win64;C:\ProgramData\Oracle\Java\javapath;C:\Scripts\;C:\;C:\Program Files (x86)\Common Files\Oracle\Java\javapath;C:\Windows\system32;C:\Windows;C:\Windows\System32\Wbem;C:\Windows\System32\WindowsPowerShell\v1.0\;C:\Windows\System32\OpenSSH\;C:\Program Files\NVIDIA Corporation\NVIDIA NvDLISR;C:\Program Files (x86)\NVIDIA Corporation\PhysX\Common;C:\WINDOWS\system32;C:\WINDOWS;C:\WINDOWS\System32\Wbem;C:\WINDOWS\System32\WindowsPowerShell\v1.0\;C:\WINDOWS\System32\OpenSSH\;C:\Program Files\Git\cmd;C:\Users\dorny\AppData\Local\Microsoft\WindowsApps;C:\Users\dorny\AppData\Local\Programs\Microsoft VS Code\bin;C:\ProgramData\dorny\GitHubDesktop\bin;C:\Users\dorny\AppData\Local\GitHubDesktop\bin;C:\Program Files\Java\jre1.8.0_321\bin
JRE paths:	;C:\PROGRA~2\Borland\CBUILD~1\Bin;C:\PROGRA~2\Borland\CBUILD~1\Projects\Bpl;C:\Program Files (x86)\Embarcadero\Studio\22.0\bin;C:\Users\Public\Documents\Embarcadero\Studio\22.0\Bpl;C:\Program Files (x86)\Embarcadero\Studio\22.0\bin64;C:\Users\Public\Documents\Embarcadero\Studio\22.0\Bpl\Win64;C:\ProgramData\Oracle\Java\javapath;C:\Scripts\;C:\;C:\Program Files (x86)\Common Files\Oracle\Java\javapath;C:\Windows\system32;C:\Windows;C:\Windows\System32\Wbem;C:\Windows\System32\WindowsPowerShell\v1.0\;C:\Windows\System32\OpenSSH\;C:\Program Files\NVIDIA Corporation\NVIDIA NvDLISR;C:\Program Files (x86)\NVIDIA Corporation\PhysX\Common;C:\WINDOWS\system32;C:\WINDOWS;C:\WINDOWS\System32\Wbem;C:\WINDOWS\System32\WindowsPowerShell\v1.0\;C:\WINDOWS\System32\OpenSSH\;C:\Program Files\Git\cmd;C:\Users\dorny\AppData\Local\Microsoft\WindowsApps;C:\Users\dorny\AppData\Local\Programs\Microsoft VS Code\bin;C:\ProgramData\dorny\GitHubDesktop\bin;C:\Users\dorny\AppData\Local\GitHubDesktop\bin;C:\Program Files\Java\jre1.8.0_321\bin
Check launcher:	C:\PROGRA~2\Borland\CBUILD~1\bin\javaw.exe (not found)
Check launcher:	C:\PROGRA~2\Borland\CBUILD~1\Projects\Bpl\bin\javaw.exe (not found)
Check launcher:	C:\Program Files (x86)\Embarcadero\Studio\22.0\bin\javaw.exe (not found)
Check launcher:	C:\Users\Public\Documents\Embarcadero\Studio\22.0\Bpl\bin\javaw.exe (not found)
Check launcher:	C:\Program Files (x86)\Embarcadero\Studio\22.0\bin64\bin\javaw.exe (not found)
Check launcher:	C:\Users\Public\Documents\Embarcadero\Studio\22.0\Bpl\Win64\bin\javaw.exe (not found)
Check launcher:	C:\ProgramData\Oracle\Java\javapath\bin\javaw.exe (not found)
Check launcher:	C:\Scripts\bin\javaw.exe (not found)
Check launcher:	C:\bin\javaw.exe (not found)
Check launcher:	C:\Program Files (x86)\Common Files\Oracle\Java\javapath\bin\javaw.exe (not found)
Check launcher:	C:\Windows\system32\bin\javaw.exe (not found)
Check launcher:	C:\Windows\bin\javaw.exe (not found)
Check launcher:	C:\Windows\System32\Wbem\bin\javaw.exe (not found)
Check launcher:	C:\Windows\System32\WindowsPowerShell\v1.0\bin\javaw.exe (not found)
Check launcher:	C:\Windows\System32\OpenSSH\bin\javaw.exe (not found)
Check launcher:	C:\Program Files\NVIDIA Corporation\NVIDIA NvDLISR\bin\javaw.exe (not found)
Check launcher:	C:\Program Files (x86)\NVIDIA Corporation\PhysX\Common\bin\javaw.exe (not found)
Check launcher:	C:\WINDOWS\system32\bin\javaw.exe (not found)
Check launcher:	C:\WINDOWS\bin\javaw.exe (not found)
Check launcher:	C:\WINDOWS\System32\Wbem\bin\javaw.exe (not found)
Check launcher:	C:\WINDOWS\System32\WindowsPowerShell\v1.0\bin\javaw.exe (not found)
Check launcher:	C:\WINDOWS\System32\OpenSSH\bin\javaw.exe (not found)
Check launcher:	C:\Program Files\Git\cmd\bin\javaw.exe (not found)
Check launcher:	C:\Users\dorny\AppData\Local\Microsoft\WindowsApps\bin\javaw.exe (not found)
Check launcher:	C:\Users\dorny\AppData\Local\Programs\Microsoft VS Code\bin\javaw.exe (not found)
Check launcher:	C:\ProgramData\dorny\GitHubDesktop\bin\javaw.exe (not found)
Check launcher:	C:\Users\dorny\AppData\Local\GitHubDesktop\bin\javaw.exe (not found)
Check launcher:	C:\Program Files\Java\jre1.8.0_321\bin\javaw.exe (OK)
Version string: 1.008.000_321 / 64-Bit (OK)
Launcher:	C:\Program Files\Java\jre1.8.0_321\bin\javaw.exe
Launcher args:	-jar "C:\Users\dorny\IdeaProjects\dental_polyclinic\out\artifacts\dental_polyclinic_jar\dental_polyclinic.exe"
Args length:	110/32768 chars
Exit code:	0


Version:	3.50
CmdLine:	C:\Users\dorny\IdeaProjects\dental_polyclinic\out\artifacts\dental_polyclinic_jar\dental_polyclinic.exe --l4j-debug
JNI:		No
WOW64:		Yes
Working dir:	C:\Users\dorny\IdeaProjects\dental_polyclinic\out\artifacts\dental_polyclinic_jar\.
Requires JDK:	No
Requires 64-Bit: Yes
Java min ver:	
Java max ver:	
Substitute:	JAVA_HOME = 
Substitute:	PATH = C:\PROGRA~2\Borland\CBUILD~1\Bin;C:\PROGRA~2\Borland\CBUILD~1\Projects\Bpl;C:\Program Files (x86)\Embarcadero\Studio\22.0\bin;C:\Users\Public\Documents\Embarcadero\Studio\22.0\Bpl;C:\Program Files (x86)\Embarcadero\Studio\22.0\bin64;C:\Users\Public\Documents\Embarcadero\Studio\22.0\Bpl\Win64;C:\ProgramData\Oracle\Java\javapath;C:\Scripts\;C:\;C:\Program Files (x86)\Common Files\Oracle\Java\javapath;C:\Windows\system32;C:\Windows;C:\Windows\System32\Wbem;C:\Windows\System32\WindowsPowerShell\v1.0\;C:\Windows\System32\OpenSSH\;C:\Program Files\NVIDIA Corporation\NVIDIA NvDLISR;C:\Program Files (x86)\NVIDIA Corporation\PhysX\Common;C:\WINDOWS\system32;C:\WINDOWS;C:\WINDOWS\System32\Wbem;C:\WINDOWS\System32\WindowsPowerShell\v1.0\;C:\WINDOWS\System32\OpenSSH\;C:\Program Files\Git\cmd;C:\Users\dorny\AppData\Local\Microsoft\WindowsApps;C:\Users\dorny\AppData\Local\Programs\Microsoft VS Code\bin;C:\ProgramData\dorny\GitHubDesktop\bin;C:\Users\dorny\AppData\Local\GitHubDesktop\bin;C:\Program Files\Java\jre1.8.0_321\bin
JRE paths:	;C:\PROGRA~2\Borland\CBUILD~1\Bin;C:\PROGRA~2\Borland\CBUILD~1\Projects\Bpl;C:\Program Files (x86)\Embarcadero\Studio\22.0\bin;C:\Users\Public\Documents\Embarcadero\Studio\22.0\Bpl;C:\Program Files (x86)\Embarcadero\Studio\22.0\bin64;C:\Users\Public\Documents\Embarcadero\Studio\22.0\Bpl\Win64;C:\ProgramData\Oracle\Java\javapath;C:\Scripts\;C:\;C:\Program Files (x86)\Common Files\Oracle\Java\javapath;C:\Windows\system32;C:\Windows;C:\Windows\System32\Wbem;C:\Windows\System32\WindowsPowerShell\v1.0\;C:\Windows\System32\OpenSSH\;C:\Program Files\NVIDIA Corporation\NVIDIA NvDLISR;C:\Program Files (x86)\NVIDIA Corporation\PhysX\Common;C:\WINDOWS\system32;C:\WINDOWS;C:\WINDOWS\System32\Wbem;C:\WINDOWS\System32\WindowsPowerShell\v1.0\;C:\WINDOWS\System32\OpenSSH\;C:\Program Files\Git\cmd;C:\Users\dorny\AppData\Local\Microsoft\WindowsApps;C:\Users\dorny\AppData\Local\Programs\Microsoft VS Code\bin;C:\ProgramData\dorny\GitHubDesktop\bin;C:\Users\dorny\AppData\Local\GitHubDesktop\bin;C:\Program Files\Java\jre1.8.0_321\bin
Check launcher:	C:\PROGRA~2\Borland\CBUILD~1\bin\javaw.exe (not found)
Check launcher:	C:\PROGRA~2\Borland\CBUILD~1\Projects\Bpl\bin\javaw.exe (not found)
Check launcher:	C:\Program Files (x86)\Embarcadero\Studio\22.0\bin\javaw.exe (not found)
Check launcher:	C:\Users\Public\Documents\Embarcadero\Studio\22.0\Bpl\bin\javaw.exe (not found)
Check launcher:	C:\Program Files (x86)\Embarcadero\Studio\22.0\bin64\bin\javaw.exe (not found)
Check launcher:	C:\Users\Public\Documents\Embarcadero\Studio\22.0\Bpl\Win64\bin\javaw.exe (not found)
Check launcher:	C:\ProgramData\Oracle\Java\javapath\bin\javaw.exe (not found)
Check launcher:	C:\Scripts\bin\javaw.exe (not found)
Check launcher:	C:\bin\javaw.exe (not found)
Check launcher:	C:\Program Files (x86)\Common Files\Oracle\Java\javapath\bin\javaw.exe (not found)
Check launcher:	C:\Windows\system32\bin\javaw.exe (not found)
Check launcher:	C:\Windows\bin\javaw.exe (not found)
Check launcher:	C:\Windows\System32\Wbem\bin\javaw.exe (not found)
Check launcher:	C:\Windows\System32\WindowsPowerShell\v1.0\bin\javaw.exe (not found)
Check launcher:	C:\Windows\System32\OpenSSH\bin\javaw.exe (not found)
Check launcher:	C:\Program Files\NVIDIA Corporation\NVIDIA NvDLISR\bin\javaw.exe (not found)
Check launcher:	C:\Program Files (x86)\NVIDIA Corporation\PhysX\Common\bin\javaw.exe (not found)
Check launcher:	C:\WINDOWS\system32\bin\javaw.exe (not found)
Check launcher:	C:\WINDOWS\bin\javaw.exe (not found)
Check launcher:	C:\WINDOWS\System32\Wbem\bin\javaw.exe (not found)
Check launcher:	C:\WINDOWS\System32\WindowsPowerShell\v1.0\bin\javaw.exe (not found)
Check launcher:	C:\WINDOWS\System32\OpenSSH\bin\javaw.exe (not found)
Check launcher:	C:\Program Files\Git\cmd\bin\javaw.exe (not found)
Check launcher:	C:\Users\dorny\AppData\Local\Microsoft\WindowsApps\bin\javaw.exe (not found)
Check launcher:	C:\Users\dorny\AppData\Local\Programs\Microsoft VS Code\bin\javaw.exe (not found)
Check launcher:	C:\ProgramData\dorny\GitHubDesktop\bin\javaw.exe (not found)
Check launcher:	C:\Users\dorny\AppData\Local\GitHubDesktop\bin\javaw.exe (not found)
Check launcher:	C:\Program Files\Java\jre1.8.0_321\bin\javaw.exe (OK)
Version string: 1.008.000_321 / 64-Bit (OK)
Launcher:	C:\Program Files\Java\jre1.8.0_321\bin\javaw.exe
Launcher args:	-jar "C:\Users\dorny\IdeaProjects\dental_polyclinic\out\artifacts\dental_polyclinic_jar\dental_polyclinic.exe"
Args length:	110/32768 chars
Exit code:	0


Version:	3.50
CmdLine:	C:\Users\dorny\IdeaProjects\dental_polyclinic\out\artifacts\dental_polyclinic_jar\dental_polyclinic.exe --l4j-debug
JNI:		No
WOW64:		Yes
Working dir:	C:\Users\dorny\IdeaProjects\dental_polyclinic\out\artifacts\dental_polyclinic_jar\.
Requires JDK:	No
Requires 64-Bit: Yes
Java min ver:	
Java max ver:	
Substitute:	JAVA_HOME = 
Substitute:	PATH = C:\PROGRA~2\Borland\CBUILD~1\Bin;C:\PROGRA~2\Borland\CBUILD~1\Projects\Bpl;C:\Program Files (x86)\Embarcadero\Studio\22.0\bin;C:\Users\Public\Documents\Embarcadero\Studio\22.0\Bpl;C:\Program Files (x86)\Embarcadero\Studio\22.0\bin64;C:\Users\Public\Documents\Embarcadero\Studio\22.0\Bpl\Win64;C:\ProgramData\Oracle\Java\javapath;C:\Scripts\;C:\;C:\Program Files (x86)\Common Files\Oracle\Java\javapath;C:\Windows\system32;C:\Windows;C:\Windows\System32\Wbem;C:\Windows\System32\WindowsPowerShell\v1.0\;C:\Windows\System32\OpenSSH\;C:\Program Files\NVIDIA Corporation\NVIDIA NvDLISR;C:\Program Files (x86)\NVIDIA Corporation\PhysX\Common;C:\WINDOWS\system32;C:\WINDOWS;C:\WINDOWS\System32\Wbem;C:\WINDOWS\System32\WindowsPowerShell\v1.0\;C:\WINDOWS\System32\OpenSSH\;C:\Program Files\Git\cmd;C:\Users\dorny\AppData\Local\Microsoft\WindowsApps;C:\Users\dorny\AppData\Local\Programs\Microsoft VS Code\bin;C:\ProgramData\dorny\GitHubDesktop\bin;C:\Users\dorny\AppData\Local\GitHubDesktop\bin;C:\Program Files\Java\jre1.8.0_321\bin
JRE paths:	;C:\PROGRA~2\Borland\CBUILD~1\Bin;C:\PROGRA~2\Borland\CBUILD~1\Projects\Bpl;C:\Program Files (x86)\Embarcadero\Studio\22.0\bin;C:\Users\Public\Documents\Embarcadero\Studio\22.0\Bpl;C:\Program Files (x86)\Embarcadero\Studio\22.0\bin64;C:\Users\Public\Documents\Embarcadero\Studio\22.0\Bpl\Win64;C:\ProgramData\Oracle\Java\javapath;C:\Scripts\;C:\;C:\Program Files (x86)\Common Files\Oracle\Java\javapath;C:\Windows\system32;C:\Windows;C:\Windows\System32\Wbem;C:\Windows\System32\WindowsPowerShell\v1.0\;C:\Windows\System32\OpenSSH\;C:\Program Files\NVIDIA Corporation\NVIDIA NvDLISR;C:\Program Files (x86)\NVIDIA Corporation\PhysX\Common;C:\WINDOWS\system32;C:\WINDOWS;C:\WINDOWS\System32\Wbem;C:\WINDOWS\System32\WindowsPowerShell\v1.0\;C:\WINDOWS\System32\OpenSSH\;C:\Program Files\Git\cmd;C:\Users\dorny\AppData\Local\Microsoft\WindowsApps;C:\Users\dorny\AppData\Local\Programs\Microsoft VS Code\bin;C:\ProgramData\dorny\GitHubDesktop\bin;C:\Users\dorny\AppData\Local\GitHubDesktop\bin;C:\Program Files\Java\jre1.8.0_321\bin
Check launcher:	C:\PROGRA~2\Borland\CBUILD~1\bin\javaw.exe (not found)
Check launcher:	C:\PROGRA~2\Borland\CBUILD~1\Projects\Bpl\bin\javaw.exe (not found)
Check launcher:	C:\Program Files (x86)\Embarcadero\Studio\22.0\bin\javaw.exe (not found)
Check launcher:	C:\Users\Public\Documents\Embarcadero\Studio\22.0\Bpl\bin\javaw.exe (not found)
Check launcher:	C:\Program Files (x86)\Embarcadero\Studio\22.0\bin64\bin\javaw.exe (not found)
Check launcher:	C:\Users\Public\Documents\Embarcadero\Studio\22.0\Bpl\Win64\bin\javaw.exe (not found)
Check launcher:	C:\ProgramData\Oracle\Java\javapath\bin\javaw.exe (not found)
Check launcher:	C:\Scripts\bin\javaw.exe (not found)
Check launcher:	C:\bin\javaw.exe (not found)
Check launcher:	C:\Program Files (x86)\Common Files\Oracle\Java\javapath\bin\javaw.exe (not found)
Check launcher:	C:\Windows\system32\bin\javaw.exe (not found)
Check launcher:	C:\Windows\bin\javaw.exe (not found)
Check launcher:	C:\Windows\System32\Wbem\bin\javaw.exe (not found)
Check launcher:	C:\Windows\System32\WindowsPowerShell\v1.0\bin\javaw.exe (not found)
Check launcher:	C:\Windows\System32\OpenSSH\bin\javaw.exe (not found)
Check launcher:	C:\Program Files\NVIDIA Corporation\NVIDIA NvDLISR\bin\javaw.exe (not found)
Check launcher:	C:\Program Files (x86)\NVIDIA Corporation\PhysX\Common\bin\javaw.exe (not found)
Check launcher:	C:\WINDOWS\system32\bin\javaw.exe (not found)
Check launcher:	C:\WINDOWS\bin\javaw.exe (not found)
Check launcher:	C:\WINDOWS\System32\Wbem\bin\javaw.exe (not found)
Check launcher:	C:\WINDOWS\System32\WindowsPowerShell\v1.0\bin\javaw.exe (not found)
Check launcher:	C:\WINDOWS\System32\OpenSSH\bin\javaw.exe (not found)
Check launcher:	C:\Program Files\Git\cmd\bin\javaw.exe (not found)
Check launcher:	C:\Users\dorny\AppData\Local\Microsoft\WindowsApps\bin\javaw.exe (not found)
Check launcher:	C:\Users\dorny\AppData\Local\Programs\Microsoft VS Code\bin\javaw.exe (not found)
Check launcher:	C:\ProgramData\dorny\GitHubDesktop\bin\javaw.exe (not found)
Check launcher:	C:\Users\dorny\AppData\Local\GitHubDesktop\bin\javaw.exe (not found)
Check launcher:	C:\Program Files\Java\jre1.8.0_321\bin\javaw.exe (OK)
Version string: 1.008.000_321 / 64-Bit (OK)
Launcher:	C:\Program Files\Java\jre1.8.0_321\bin\javaw.exe
Launcher args:	-jar "C:\Users\dorny\IdeaProjects\dental_polyclinic\out\artifacts\dental_polyclinic_jar\dental_polyclinic.exe"
Args length:	110/32768 chars
Exit code:	0


Version:	3.50
CmdLine:	C:\Users\dorny\IdeaProjects\dental_polyclinic\out\artifacts\dental_polyclinic_jar\dental_clinic.exe --l4j-debug
JNI:		No
WOW64:		Yes
Working dir:	C:\Users\dorny\IdeaProjects\dental_polyclinic\out\artifacts\dental_polyclinic_jar\.
Requires JDK:	No
Requires 64-Bit: Yes
Java min ver:	1.006.000
Java max ver:	
Substitute:	JAVA_HOME = 
Substitute:	PATH = C:\Program Files\Common Files\Oracle\Java\javapath;C:\PROGRA~2\Borland\CBUILD~1\Bin;C:\PROGRA~2\Borland\CBUILD~1\Projects\Bpl;C:\Program Files (x86)\Embarcadero\Studio\22.0\bin;C:\Users\Public\Documents\Embarcadero\Studio\22.0\Bpl;C:\Program Files (x86)\Embarcadero\Studio\22.0\bin64;C:\Users\Public\Documents\Embarcadero\Studio\22.0\Bpl\Win64;C:\ProgramData\Oracle\Java\javapath;C:\Scripts\;C:\;C:\Program Files (x86)\Common Files\Oracle\Java\javapath;C:\Windows\system32;C:\Windows;C:\Windows\System32\Wbem;C:\Windows\System32\WindowsPowerShell\v1.0\;C:\Windows\System32\OpenSSH\;C:\Program Files\NVIDIA Corporation\NVIDIA NvDLISR;C:\Program Files (x86)\NVIDIA Corporation\PhysX\Common;C:\WINDOWS\system32;C:\WINDOWS;C:\WINDOWS\System32\Wbem;C:\WINDOWS\System32\WindowsPowerShell\v1.0\;C:\WINDOWS\System32\OpenSSH\;C:\Program Files\Git\cmd;C:\Users\dorny\AppData\Local\Microsoft\WindowsApps;C:\Users\dorny\AppData\Local\Programs\Microsoft VS Code\bin;C:\ProgramData\dorny\GitHubDesktop\bin;C:\Users\dorny\AppData\Local\GitHubDesktop\bin;C:\Program Files\Java\jre1.8.0_321\bin
JRE paths:	;C:\Program Files\Common Files\Oracle\Java\javapath;C:\PROGRA~2\Borland\CBUILD~1\Bin;C:\PROGRA~2\Borland\CBUILD~1\Projects\Bpl;C:\Program Files (x86)\Embarcadero\Studio\22.0\bin;C:\Users\Public\Documents\Embarcadero\Studio\22.0\Bpl;C:\Program Files (x86)\Embarcadero\Studio\22.0\bin64;C:\Users\Public\Documents\Embarcadero\Studio\22.0\Bpl\Win64;C:\ProgramData\Oracle\Java\javapath;C:\Scripts\;C:\;C:\Program Files (x86)\Common Files\Oracle\Java\javapath;C:\Windows\system32;C:\Windows;C:\Windows\System32\Wbem;C:\Windows\System32\WindowsPowerShell\v1.0\;C:\Windows\System32\OpenSSH\;C:\Program Files\NVIDIA Corporation\NVIDIA NvDLISR;C:\Program Files (x86)\NVIDIA Corporation\PhysX\Common;C:\WINDOWS\system32;C:\WINDOWS;C:\WINDOWS\System32\Wbem;C:\WINDOWS\System32\WindowsPowerShell\v1.0\;C:\WINDOWS\System32\OpenSSH\;C:\Program Files\Git\cmd;C:\Users\dorny\AppData\Local\Microsoft\WindowsApps;C:\Users\dorny\AppData\Local\Programs\Microsoft VS Code\bin;C:\ProgramData\dorny\GitHubDesktop\bin;C:\Users\dorny\AppData\Local\GitHubDesktop\bin;C:\Program Files\Java\jre1.8.0_321\bin
Check launcher:	C:\Program Files\Common Files\Oracle\Java\javapath\bin\javaw.exe (not found)
Check launcher:	C:\PROGRA~2\Borland\CBUILD~1\bin\javaw.exe (not found)
Check launcher:	C:\PROGRA~2\Borland\CBUILD~1\Projects\Bpl\bin\javaw.exe (not found)
Check launcher:	C:\Program Files (x86)\Embarcadero\Studio\22.0\bin\javaw.exe (not found)
Check launcher:	C:\Users\Public\Documents\Embarcadero\Studio\22.0\Bpl\bin\javaw.exe (not found)
Check launcher:	C:\Program Files (x86)\Embarcadero\Studio\22.0\bin64\bin\javaw.exe (not found)
Check launcher:	C:\Users\Public\Documents\Embarcadero\Studio\22.0\Bpl\Win64\bin\javaw.exe (not found)
Check launcher:	C:\ProgramData\Oracle\Java\javapath\bin\javaw.exe (not found)
Check launcher:	C:\Scripts\bin\javaw.exe (not found)
Check launcher:	C:\bin\javaw.exe (not found)
Check launcher:	C:\Program Files (x86)\Common Files\Oracle\Java\javapath\bin\javaw.exe (not found)
Check launcher:	C:\Windows\system32\bin\javaw.exe (not found)
Check launcher:	C:\Windows\bin\javaw.exe (not found)
Check launcher:	C:\Windows\System32\Wbem\bin\javaw.exe (not found)
Check launcher:	C:\Windows\System32\WindowsPowerShell\v1.0\bin\javaw.exe (not found)
Check launcher:	C:\Windows\System32\OpenSSH\bin\javaw.exe (not found)
Check launcher:	C:\Program Files\NVIDIA Corporation\NVIDIA NvDLISR\bin\javaw.exe (not found)
Check launcher:	C:\Program Files (x86)\NVIDIA Corporation\PhysX\Common\bin\javaw.exe (not found)
Check launcher:	C:\WINDOWS\system32\bin\javaw.exe (not found)
Check launcher:	C:\WINDOWS\bin\javaw.exe (not found)
Check launcher:	C:\WINDOWS\System32\Wbem\bin\javaw.exe (not found)
Check launcher:	C:\WINDOWS\System32\WindowsPowerShell\v1.0\bin\javaw.exe (not found)
Check launcher:	C:\WINDOWS\System32\OpenSSH\bin\javaw.exe (not found)
Check launcher:	C:\Program Files\Git\cmd\bin\javaw.exe (not found)
Check launcher:	C:\Users\dorny\AppData\Local\Microsoft\WindowsApps\bin\javaw.exe (not found)
Check launcher:	C:\Users\dorny\AppData\Local\Programs\Microsoft VS Code\bin\javaw.exe (not found)
Check launcher:	C:\ProgramData\dorny\GitHubDesktop\bin\javaw.exe (not found)
Check launcher:	C:\Users\dorny\AppData\Local\GitHubDesktop\bin\javaw.exe (not found)
Check launcher:	C:\Program Files\Java\jre1.8.0_321\bin\javaw.exe (OK)
Version string: 1.008.000_321 / 64-Bit (OK)
Launcher:	C:\Program Files\Java\jre1.8.0_321\bin\javaw.exe
Launcher args:	-jar "C:\Users\dorny\IdeaProjects\dental_polyclinic\out\artifacts\dental_polyclinic_jar\dental_clinic.exe"
Args length:	106/32768 chars
Exit code:	0
